PS D:\winnerspin-admin-fe> tsc --noEmit                                                                                                                                                                                                                                      
app/admin/transactions/page.tsx:219:21 - error TS2322: Type 'import("D:/winnerspin-admin-fe/lib/types").Transaction[]' is not assignable to type 'Transaction[]'.
  Type 'import("D:/winnerspin-admin-fe/lib/types").Transaction' is not assignable to type 'Transaction'.
    Types of property 'seasonId' are incompatible.
      Type 'string | undefined' is not assignable to type 'string'.
        Type 'undefined' is not assignable to type 'string'.

219                     transactions={transactions}
                        ~~~~~~~~~~~~

  components/transaction-table.tsx:49:3
    49   transactions: Transaction[];
         ~~~~~~~~~~~~
    The expected type comes from property 'transactions' which is declared here on type 'IntrinsicAttributes & TransactionTableProps'

app/admin/transactions/page.tsx:221:21 - error TS2322: Type 'Season[]' is not assignable to type '{ _id: string; Season: string; }[]'.
  Type 'Season' is not assignable to type '{ _id: string; Season: string; }'.
    Types of property 'Season' are incompatible.
      Type 'string | undefined' is not assignable to type 'string'.
        Type 'undefined' is not assignable to type 'string'.

221                     seasons={seasons}
                        ~~~~~~~

  components/transaction-table.tsx:51:3
    51   seasons?: Array<{ _id: string; Season: string }>;
         ~~~~~~~
    The expected type comes from property 'seasons' which is declared here on type 'IntrinsicAttributes & TransactionTableProps'

app/admin/transactions/page.tsx:222:21 - error TS2322: Type 'Promoter[]' is not assignable to type '{ _id: string; username: string; }[]'.
  Type 'Promoter' is not assignable to type '{ _id: string; username: string; }'.
    Types of property 'username' are incompatible.
      Type 'string | undefined' is not assignable to type 'string'.
        Type 'undefined' is not assignable to type 'string'.

222                     promoters={promoters}
                        ~~~~~~~~~

  components/transaction-table.tsx:52:3
    52   promoters?: Array<{ _id: string; username: string }>;
         ~~~~~~~~~
    The expected type comes from property 'promoters' which is declared here on type 'IntrinsicAttributes & TransactionTableProps'

app/admin/transactions/page.tsx:238:21 - error TS2322: Type 'import("D:/winnerspin-admin-fe/lib/types").Transaction[]' is not assignable to type 'Transaction[]'.
  Type 'import("D:/winnerspin-admin-fe/lib/types").Transaction' is not assignable to type 'Transaction'.
    Types of property 'seasonId' are incompatible.
      Type 'string | undefined' is not assignable to type 'string'.
        Type 'undefined' is not assignable to type 'string'.

238                     transactions={creditTransactions.filter(
                        ~~~~~~~~~~~~

  components/transaction-table.tsx:49:3
    49   transactions: Transaction[];
         ~~~~~~~~~~~~
    The expected type comes from property 'transactions' which is declared here on type 'IntrinsicAttributes & TransactionTableProps'

app/admin/transactions/page.tsx:242:21 - error TS2322: Type 'Season[]' is not assignable to type '{ _id: string; Season: string; }[]'.
  Type 'Season' is not assignable to type '{ _id: string; Season: string; }'.
    Types of property 'Season' are incompatible.
      Type 'string | undefined' is not assignable to type 'string'.
        Type 'undefined' is not assignable to type 'string'.

242                     seasons={seasons}
                        ~~~~~~~

  components/transaction-table.tsx:51:3
    51   seasons?: Array<{ _id: string; Season: string }>;
         ~~~~~~~
    The expected type comes from property 'seasons' which is declared here on type 'IntrinsicAttributes & TransactionTableProps'

app/admin/transactions/page.tsx:243:21 - error TS2322: Type 'Promoter[]' is not assignable to type '{ _id: string; username: string; }[]'.
  Type 'Promoter' is not assignable to type '{ _id: string; username: string; }'.
    Types of property 'username' are incompatible.
      Type 'string | undefined' is not assignable to type 'string'.
        Type 'undefined' is not assignable to type 'string'.

243                     promoters={promoters}
                        ~~~~~~~~~

  components/transaction-table.tsx:52:3
    52   promoters?: Array<{ _id: string; username: string }>;
         ~~~~~~~~~
    The expected type comes from property 'promoters' which is declared here on type 'IntrinsicAttributes & TransactionTableProps'

app/admin/transactions/page.tsx:259:21 - error TS2322: Type 'import("D:/winnerspin-admin-fe/lib/types").Transaction[]' is not assignable to type 'Transaction[]'.
  Type 'import("D:/winnerspin-admin-fe/lib/types").Transaction' is not assignable to type 'Transaction'.
    Types of property 'seasonId' are incompatible.
      Type 'string | undefined' is not assignable to type 'string'.
        Type 'undefined' is not assignable to type 'string'.

259                     transactions={creditTransactions.filter(
                        ~~~~~~~~~~~~

  components/transaction-table.tsx:49:3
    49   transactions: Transaction[];
         ~~~~~~~~~~~~
    The expected type comes from property 'transactions' which is declared here on type 'IntrinsicAttributes & TransactionTableProps'

app/admin/transactions/page.tsx:263:21 - error TS2322: Type 'Season[]' is not assignable to type '{ _id: string; Season: string; }[]'.
  Type 'Season' is not assignable to type '{ _id: string; Season: string; }'.
    Types of property 'Season' are incompatible.
      Type 'string | undefined' is not assignable to type 'string'.
        Type 'undefined' is not assignable to type 'string'.

263                     seasons={seasons}
                        ~~~~~~~

  components/transaction-table.tsx:51:3
    51   seasons?: Array<{ _id: string; Season: string }>;
         ~~~~~~~
    The expected type comes from property 'seasons' which is declared here on type 'IntrinsicAttributes & TransactionTableProps'

app/admin/transactions/page.tsx:264:21 - error TS2322: Type 'Promoter[]' is not assignable to type '{ _id: string; username: string; }[]'.
  Type 'Promoter' is not assignable to type '{ _id: string; username: string; }'.
    Types of property 'username' are incompatible.
      Type 'string | undefined' is not assignable to type 'string'.
        Type 'undefined' is not assignable to type 'string'.

264                     promoters={promoters}
                        ~~~~~~~~~

  components/transaction-table.tsx:52:3
    52   promoters?: Array<{ _id: string; username: string }>;
         ~~~~~~~~~
    The expected type comes from property 'promoters' which is declared here on type 'IntrinsicAttributes & TransactionTableProps'

app/admin/transactions/page.tsx:280:21 - error TS2322: Type 'import("D:/winnerspin-admin-fe/lib/types").Transaction[]' is not assignable to type 'Transaction[]'.
  Type 'import("D:/winnerspin-admin-fe/lib/types").Transaction' is not assignable to type 'Transaction'.
    Types of property 'seasonId' are incompatible.
      Type 'string | undefined' is not assignable to type 'string'.
        Type 'undefined' is not assignable to type 'string'.

280                     transactions={debitTransactions}
                        ~~~~~~~~~~~~

  components/transaction-table.tsx:49:3
    49   transactions: Transaction[];
         ~~~~~~~~~~~~
    The expected type comes from property 'transactions' which is declared here on type 'IntrinsicAttributes & TransactionTableProps'

app/admin/transactions/page.tsx:282:21 - error TS2322: Type 'Season[]' is not assignable to type '{ _id: string; Season: string; }[]'.
  Type 'Season' is not assignable to type '{ _id: string; Season: string; }'.
    Types of property 'Season' are incompatible.
      Type 'string | undefined' is not assignable to type 'string'.
        Type 'undefined' is not assignable to type 'string'.

282                     seasons={seasons}
                        ~~~~~~~

  components/transaction-table.tsx:51:3
    51   seasons?: Array<{ _id: string; Season: string }>;
         ~~~~~~~
    The expected type comes from property 'seasons' which is declared here on type 'IntrinsicAttributes & TransactionTableProps'

app/admin/transactions/page.tsx:283:21 - error TS2322: Type 'Promoter[]' is not assignable to type '{ _id: string; username: string; }[]'.
  Type 'Promoter' is not assignable to type '{ _id: string; username: string; }'.
    Types of property 'username' are incompatible.
      Type 'string | undefined' is not assignable to type 'string'.
        Type 'undefined' is not assignable to type 'string'.

283                     promoters={promoters}
                        ~~~~~~~~~

  components/transaction-table.tsx:52:3
    52   promoters?: Array<{ _id: string; username: string }>;
         ~~~~~~~~~
    The expected type comes from property 'promoters' which is declared here on type 'IntrinsicAttributes & TransactionTableProps'

app/admin/transactions/page.tsx:292:31 - error TS2322: Type 'import("D:/winnerspin-admin-fe/lib/types").Transaction[]' is not assignable to type 'Transaction[]'.
  Type 'import("D:/winnerspin-admin-fe/lib/types").Transaction' is not assignable to type 'Transaction'.
    Types of property 'status' are incompatible.
      Type 'string' is not assignable to type '"pending" | "completed" | "failed"'.

292           <RecentTransactions transactions={transactions} loading={loading} />
                                  ~~~~~~~~~~~~

  components/recent-transactions.tsx:25:3
    25   transactions: Transaction[];
         ~~~~~~~~~~~~
    The expected type comes from property 'transactions' which is declared here on type 'IntrinsicAttributes & RecentTransactionsProps'

app/admin/withdrawals/page.tsx:52:10 - error TS7006: Parameter 'withdrawal' implicitly has an 'any' type.

52         (withdrawal) => {
            ~~~~~~~~~~

app/admin/withdrawals/page.tsx:54:14 - error TS7006: Parameter 'p' implicitly has an 'any' type.

54             (p) => p._id === withdrawal.promoterId
                ~

components/approval-dialog.tsx:55:73 - error TS2554: Expected 1 arguments, but got 0.

55       const [promotersRes, seasonsRes] = await Promise.all([promoterAPI.getAll(), seasonAPI.getAll()])
                                                                           ~~~~~~

  lib/api.ts:44:12
    44   getAll: (seasonId: string) =>
                  ~~~~~~~~~~~~~~~~
    An argument for 'seasonId' was not provided.

components/approval-dialog.tsx:111:47 - error TS2339: Property '_id' does not exist on type 'never'.

111                     <SelectItem key={promoter._id} value={promoter._id}>
                                                  ~~~

components/approval-dialog.tsx:111:68 - error TS2339: Property '_id' does not exist on type 'never'.

111                     <SelectItem key={promoter._id} value={promoter._id}>
                                                                       ~~~

components/approval-dialog.tsx:112:33 - error TS2339: Property 'username' does not exist on type 'never'.

112                       {promoter.username} ({promoter.userid}) - Balance: ${promoter.balance.toLocaleString()}
                                    ~~~~~~~~

components/approval-dialog.tsx:112:54 - error TS2339: Property 'userid' does not exist on type 'never'.

112                       {promoter.username} ({promoter.userid}) - Balance: ${promoter.balance.toLocaleString()}
                                                         ~~~~~~

components/approval-dialog.tsx:112:85 - error TS2339: Property 'balance' does not exist on type 'never'.

112                       {promoter.username} ({promoter.userid}) - Balance: ${promoter.balance.toLocaleString()}
                                                                                        ~~~~~~~

components/approval-dialog.tsx:127:45 - error TS2339: Property '_id' does not exist on type 'never'.

127                     <SelectItem key={season._id} value={season._id}>
                                                ~~~

components/approval-dialog.tsx:127:64 - error TS2339: Property '_id' does not exist on type 'never'.

127                     <SelectItem key={season._id} value={season._id}>
                                                                   ~~~

components/approval-dialog.tsx:128:31 - error TS2339: Property 'Season' does not exist on type 'never'.

128                       {season.Season} (${season.amount.toLocaleString()})
                                  ~~~~~~

components/approval-dialog.tsx:128:49 - error TS2339: Property 'amount' does not exist on type 'never'.

128                       {season.Season} (${season.amount.toLocaleString()})
                                                    ~~~~~~

components/promoter-selector.tsx:138:13 - error TS2322: Type 'Dispatch<SetStateAction<boolean>>' is not assignable to type '(checked: CheckedState) => void'.
  Types of parameters 'value' and 'checked' are incompatible.
    Type 'CheckedState' is not assignable to type 'SetStateAction<boolean>'.
      Type '"indeterminate"' is not assignable to type 'SetStateAction<boolean>'.

138             onCheckedChange={setShowOnlyApproved}
                ~~~~~~~~~~~~~~~

  node_modules/@radix-ui/react-checkbox/dist/index.d.mts:33:5
    33     onCheckedChange?(checked: CheckedState): void;
           ~~~~~~~~~~~~~~~~~~~~~~~~~~~~~~~~~~~~~~~~~~~~~~
    The expected type comes from property 'onCheckedChange' which is declared here on type 'IntrinsicAttributes & CheckboxProps & RefAttributes<HTMLButtonElement>'

components/promoter-table.tsx:117:27 - error TS2554: Expected 2 arguments, but got 1.

117         await promoterAPI.toggleStatus(deletePromoter._id);
                              ~~~~~~~~~~~~

  lib/api.ts:55:38
    55   toggleStatus: (promoterId: string, isActive: boolean) =>
                                            ~~~~~~~~~~~~~~~~~
    An argument for 'isActive' was not provided.

components/promoter-table.tsx:142:54 - error TS2345: Argument of type 'string' is not assignable to parameter of type 'SetStateAction<"approved" | "unapproved" | "inactive" | "all">'.

142       <Tabs value={tab} onValueChange={(v) => setTab(v)}>
                                                         ~

components/recent-repayments.tsx:135:23 - error TS2322: Type '"success"' is not assignable to type '"link" | "default" | "destructive" | "outline" | "secondary" | "ghost" | null | undefined'.

135                       variant="success"
                          ~~~~~~~

  components/ui/button.tsx:11:7
     11       variant: {
              ~~~~~~~~~~
     12         default:
        ~~~~~~~~~~~~~~~~
    ...
     22         link: "text-primary underline-offset-4 hover:underline",
        ~~~~~~~~~~~~~~~~~~~~~~~~~~~~~~~~~~~~~~~~~~~~~~~~~~~~~~~~~~~~~~~~
     23       },
        ~~~~~~~
    The expected type comes from property 'variant' which is declared here on type 'IntrinsicAttributes & ClassAttributes<HTMLButtonElement> & ButtonHTMLAttributes<HTMLButtonElement> & VariantProps<...> & { ...; }'

components/recent-withdrawals.tsx:100:35 - error TS2339: Property 'requester' does not exist on type 'Withdrawal'.

100                       {withdrawal.requester.userid?.charAt(0).toUpperCase() ||
                                      ~~~~~~~~~

components/recent-withdrawals.tsx:106:35 - error TS2339: Property 'requester' does not exist on type 'Withdrawal'.

106                       {withdrawal.requester.username || "Unknown Promoter"}
                                      ~~~~~~~~~

components/repayment-table.tsx:172:21 - error TS2322: Type '"success"' is not assignable to type '"link" | "default" | "destructive" | "outline" | "secondary" | "ghost" | null | undefined'.

172                     variant="success"
                        ~~~~~~~

  components/ui/button.tsx:11:7
     11       variant: {
              ~~~~~~~~~~
     12         default:
        ~~~~~~~~~~~~~~~~
    ...
     22         link: "text-primary underline-offset-4 hover:underline",
        ~~~~~~~~~~~~~~~~~~~~~~~~~~~~~~~~~~~~~~~~~~~~~~~~~~~~~~~~~~~~~~~~
     23       },
        ~~~~~~~
    The expected type comes from property 'variant' which is declared here on type 'IntrinsicAttributes & ClassAttributes<HTMLButtonElement> & ButtonHTMLAttributes<HTMLButtonElement> & VariantProps<...> & { ...; }'

components/withdrawal-table.tsx:493:37 - error TS2339: Property 'requester' does not exist on type 'Withdrawal'.

493                         {withdrawal.requester.userid || "Unknown"}
                                        ~~~~~~~~~

components/withdrawal-table.tsx:496:37 - error TS2339: Property 'requester' does not exist on type 'Withdrawal'.

496                         {withdrawal.requester.username || withdrawal.promoterId}
                                        ~~~~~~~~~

components/withdrawal-table.tsx:517:36 - error TS2339: Property 'createdAt' does not exist on type 'Withdrawal'.

517                       : withdrawal.createdAt
                                       ~~~~~~~~~

components/withdrawal-table.tsx:518:45 - error TS2339: Property 'createdAt' does not exist on type 'Withdrawal'.

518                       ? new Date(withdrawal.createdAt).toLocaleDateString()
                                                ~~~~~~~~~


Found 36 errors in 9 files.

Errors  Files
    13  app/admin/transactions/page.tsx:219
     2  app/admin/withdrawals/page.tsx:52
    10  components/approval-dialog.tsx:55
     1  components/promoter-selector.tsx:138
     2  components/promoter-table.tsx:117
     1  components/recent-repayments.tsx:135
     2  components/recent-withdrawals.tsx:100
     1  components/repayment-table.tsx:172
     4  components/withdrawal-table.tsx:493
PS D:\winnerspin-admin-fe> 